2017-08-29 03:59:36,321 INFO o.a.j.u.JMeterUtils: Setting Locale to en_US
2017-08-29 03:59:36,334 INFO o.a.j.JMeter: Loading user properties from: user.properties
2017-08-29 03:59:36,334 INFO o.a.j.JMeter: Loading system properties from: system.properties
2017-08-29 03:59:36,340 INFO o.a.j.JMeter: Copyright (c) 1998-2017 The Apache Software Foundation
2017-08-29 03:59:36,341 INFO o.a.j.JMeter: Version 3.2 r1790748
2017-08-29 03:59:36,341 INFO o.a.j.JMeter: java.version=1.8.0_121
2017-08-29 03:59:36,341 INFO o.a.j.JMeter: java.vm.name=Java HotSpot(TM) 64-Bit Server VM
2017-08-29 03:59:36,341 INFO o.a.j.JMeter: os.name=Linux
2017-08-29 03:59:36,341 INFO o.a.j.JMeter: os.arch=amd64
2017-08-29 03:59:36,341 INFO o.a.j.JMeter: os.version=4.4.0-70-lowlatency
2017-08-29 03:59:36,341 INFO o.a.j.JMeter: file.encoding=UTF-8
2017-08-29 03:59:36,341 INFO o.a.j.JMeter: Max memory     =536870912
2017-08-29 03:59:36,341 INFO o.a.j.JMeter: Available Processors =4
2017-08-29 03:59:36,345 INFO o.a.j.JMeter: Default Locale=English (United States)
2017-08-29 03:59:36,345 INFO o.a.j.JMeter: JMeter  Locale=English (United States)
2017-08-29 03:59:36,345 INFO o.a.j.JMeter: JMeterHome=/home/pabmacias28/Documents/Git/CalidadPruebasSoftware/Jmeter/apache-jmeter-3.2
2017-08-29 03:59:36,345 INFO o.a.j.JMeter: user.dir  =/home/pabmacias28/Documents/Git/CalidadPruebasSoftware/Jmeter/apache-jmeter-3.2/bin
2017-08-29 03:59:36,346 INFO o.a.j.JMeter: PWD       =/home/pabmacias28/Documents/Git/CalidadPruebasSoftware/Jmeter/apache-jmeter-3.2/bin
2017-08-29 03:59:36,346 INFO o.a.j.JMeter: IP: 127.0.1.1 Name: pablo-Alienware-13 FullName: pablo-Alienware-13
2017-08-29 03:59:36,553 INFO o.a.j.g.a.LookAndFeelCommand: Using look and feel: javax.swing.plaf.metal.MetalLookAndFeel [Metal, CrossPlatform, System]
2017-08-29 03:59:36,557 INFO o.a.j.JMeter: Loaded icon properties from org/apache/jmeter/images/icon.properties
2017-08-29 03:59:36,989 INFO o.a.j.e.u.CompoundVariable: Note: Function class names must contain the string: '.functions.'
2017-08-29 03:59:36,989 INFO o.a.j.e.u.CompoundVariable: Note: Function class names must not contain the string: '.gui.'
2017-08-29 03:59:38,119 INFO o.a.j.g.u.MenuFactory: Skipping org.apache.jmeter.assertions.BSFAssertion
2017-08-29 03:59:38,607 INFO o.a.j.g.u.MenuFactory: Skipping org.apache.jmeter.extractor.BSFPostProcessor
2017-08-29 03:59:38,644 INFO o.a.j.g.u.MenuFactory: Skipping org.apache.jmeter.modifiers.BSFPreProcessor
2017-08-29 03:59:38,677 INFO o.a.j.p.h.s.HTTPSamplerBase: Parser for text/html is org.apache.jmeter.protocol.http.parser.LagartoBasedHtmlParser
2017-08-29 03:59:38,677 INFO o.a.j.p.h.s.HTTPSamplerBase: Parser for application/xhtml+xml is org.apache.jmeter.protocol.http.parser.LagartoBasedHtmlParser
2017-08-29 03:59:38,677 INFO o.a.j.p.h.s.HTTPSamplerBase: Parser for application/xml is org.apache.jmeter.protocol.http.parser.LagartoBasedHtmlParser
2017-08-29 03:59:38,678 INFO o.a.j.p.h.s.HTTPSamplerBase: Parser for text/xml is org.apache.jmeter.protocol.http.parser.LagartoBasedHtmlParser
2017-08-29 03:59:38,678 INFO o.a.j.p.h.s.HTTPSamplerBase: Parser for text/vnd.wap.wml is org.apache.jmeter.protocol.http.parser.RegexpHTMLParser
2017-08-29 03:59:38,678 INFO o.a.j.p.h.s.HTTPSamplerBase: Parser for text/css is org.apache.jmeter.protocol.http.parser.CssParser
2017-08-29 03:59:39,061 INFO o.a.j.e.KeyToolUtils: keytool found at 'keytool'
2017-08-29 03:59:39,062 INFO o.a.j.p.h.p.ProxyControl: HTTP(S) Test Script Recorder SSL Proxy will use keys that support embedded 3rd party resources in file /home/pabmacias28/Documents/Git/CalidadPruebasSoftware/Jmeter/apache-jmeter-3.2/bin/proxyserver.jks
2017-08-29 03:59:39,206 INFO o.a.j.g.u.MenuFactory: Skipping org.apache.jmeter.protocol.java.sampler.BSFSampler
2017-08-29 03:59:39,253 INFO o.a.j.s.FileServer: Default base='/home/pabmacias28/Documents/Git/CalidadPruebasSoftware/Jmeter/apache-jmeter-3.2/bin'
2017-08-29 03:59:39,361 INFO o.a.j.g.u.MenuFactory: Skipping org.apache.jmeter.protocol.mongodb.config.MongoSourceElement
2017-08-29 03:59:39,361 INFO o.a.j.g.u.MenuFactory: Skipping org.apache.jmeter.protocol.mongodb.sampler.MongoScriptSampler
2017-08-29 03:59:39,476 INFO o.a.j.g.u.MenuFactory: Skipping org.apache.jmeter.timers.BSFTimer
2017-08-29 03:59:39,511 INFO o.a.j.g.u.MenuFactory: Skipping org.apache.jmeter.visualizers.BSFListener
2017-08-29 03:59:39,685 INFO o.a.j.s.SampleResult: Note: Sample TimeStamps are START times
2017-08-29 03:59:39,685 INFO o.a.j.s.SampleResult: sampleresult.default.encoding is set to ISO-8859-1
2017-08-29 03:59:39,685 INFO o.a.j.s.SampleResult: sampleresult.useNanoTime=true
2017-08-29 03:59:39,685 INFO o.a.j.s.SampleResult: sampleresult.nanoThreadSleep=5000
2017-08-29 04:05:07,249 INFO o.a.j.s.FileServer: Set new base='/home/pabmacias28/Documents/Git/CalidadPruebasSoftware/Jmeter/apache-jmeter-3.2/bin'
2017-08-29 04:05:07,338 INFO o.a.j.s.SaveService: Testplan (JMX) version: 2.2. Testlog (JTL) version: 2.2
2017-08-29 04:05:07,349 INFO o.a.j.s.SaveService: Using SaveService properties file encoding UTF-8
2017-08-29 04:05:07,351 INFO o.a.j.s.SaveService: Using SaveService properties version 3.2
2017-08-29 04:05:07,373 INFO o.a.j.e.StandardJMeterEngine: Running the test!
2017-08-29 04:05:07,374 INFO o.a.j.s.SampleEvent: List of sample_variables: []
2017-08-29 04:05:07,374 INFO o.a.j.s.SampleEvent: List of sample_variables: []
2017-08-29 04:05:07,378 ERROR o.a.j.JMeter: Uncaught exception: 
java.lang.IllegalArgumentException: Variable Name must not be empty for element:JDBC Connection Configuration
	at org.apache.jmeter.protocol.jdbc.config.DataSourceElement.testStarted(DataSourceElement.java:111) ~[ApacheJMeter_jdbc.jar:3.2 r1790748]
	at org.apache.jmeter.engine.StandardJMeterEngine.notifyTestListenersOfStart(StandardJMeterEngine.java:218) ~[ApacheJMeter_core.jar:3.2 r1790748]
	at org.apache.jmeter.engine.StandardJMeterEngine.run(StandardJMeterEngine.java:388) ~[ApacheJMeter_core.jar:3.2 r1790748]
	at java.lang.Thread.run(Thread.java:745) [?:1.8.0_121]
2017-08-29 04:05:13,993 INFO o.a.j.e.StandardJMeterEngine: Running the test!
2017-08-29 04:05:13,994 INFO o.a.j.s.SampleEvent: List of sample_variables: []
2017-08-29 04:05:13,995 ERROR o.a.j.JMeter: Uncaught exception: 
java.lang.IllegalArgumentException: Variable Name must not be empty for element:JDBC Connection Configuration
	at org.apache.jmeter.protocol.jdbc.config.DataSourceElement.testStarted(DataSourceElement.java:111) ~[ApacheJMeter_jdbc.jar:3.2 r1790748]
	at org.apache.jmeter.engine.StandardJMeterEngine.notifyTestListenersOfStart(StandardJMeterEngine.java:218) ~[ApacheJMeter_core.jar:3.2 r1790748]
	at org.apache.jmeter.engine.StandardJMeterEngine.run(StandardJMeterEngine.java:388) ~[ApacheJMeter_core.jar:3.2 r1790748]
	at java.lang.Thread.run(Thread.java:745) [?:1.8.0_121]
2017-08-29 04:05:14,109 INFO o.a.j.e.StandardJMeterEngine: Running the test!
2017-08-29 04:05:14,110 INFO o.a.j.s.SampleEvent: List of sample_variables: []
2017-08-29 04:05:14,113 ERROR o.a.j.JMeter: Uncaught exception: 
java.lang.IllegalArgumentException: Variable Name must not be empty for element:JDBC Connection Configuration
	at org.apache.jmeter.protocol.jdbc.config.DataSourceElement.testStarted(DataSourceElement.java:111) ~[ApacheJMeter_jdbc.jar:3.2 r1790748]
	at org.apache.jmeter.engine.StandardJMeterEngine.notifyTestListenersOfStart(StandardJMeterEngine.java:218) ~[ApacheJMeter_core.jar:3.2 r1790748]
	at org.apache.jmeter.engine.StandardJMeterEngine.run(StandardJMeterEngine.java:388) ~[ApacheJMeter_core.jar:3.2 r1790748]
	at java.lang.Thread.run(Thread.java:745) [?:1.8.0_121]
2017-08-29 04:05:15,023 INFO o.a.j.e.StandardJMeterEngine: Running the test!
2017-08-29 04:05:15,024 INFO o.a.j.s.SampleEvent: List of sample_variables: []
2017-08-29 04:05:15,025 ERROR o.a.j.JMeter: Uncaught exception: 
java.lang.IllegalArgumentException: Variable Name must not be empty for element:JDBC Connection Configuration
	at org.apache.jmeter.protocol.jdbc.config.DataSourceElement.testStarted(DataSourceElement.java:111) ~[ApacheJMeter_jdbc.jar:3.2 r1790748]
	at org.apache.jmeter.engine.StandardJMeterEngine.notifyTestListenersOfStart(StandardJMeterEngine.java:218) ~[ApacheJMeter_core.jar:3.2 r1790748]
	at org.apache.jmeter.engine.StandardJMeterEngine.run(StandardJMeterEngine.java:388) ~[ApacheJMeter_core.jar:3.2 r1790748]
	at java.lang.Thread.run(Thread.java:745) [?:1.8.0_121]
2017-08-29 04:05:28,748 INFO o.a.j.e.StandardJMeterEngine: Running the test!
2017-08-29 04:05:28,749 INFO o.a.j.s.SampleEvent: List of sample_variables: []
2017-08-29 04:05:28,751 ERROR o.a.j.JMeter: Uncaught exception: 
java.lang.IllegalArgumentException: Variable Name must not be empty for element:JDBC Connection Configuration
	at org.apache.jmeter.protocol.jdbc.config.DataSourceElement.testStarted(DataSourceElement.java:111) ~[ApacheJMeter_jdbc.jar:3.2 r1790748]
	at org.apache.jmeter.engine.StandardJMeterEngine.notifyTestListenersOfStart(StandardJMeterEngine.java:218) ~[ApacheJMeter_core.jar:3.2 r1790748]
	at org.apache.jmeter.engine.StandardJMeterEngine.run(StandardJMeterEngine.java:388) ~[ApacheJMeter_core.jar:3.2 r1790748]
	at java.lang.Thread.run(Thread.java:745) [?:1.8.0_121]
2017-08-29 04:06:03,441 INFO o.a.j.e.StandardJMeterEngine: Running the test!
2017-08-29 04:06:03,441 INFO o.a.j.s.SampleEvent: List of sample_variables: []
2017-08-29 04:06:03,443 ERROR o.a.j.JMeter: Uncaught exception: 
java.lang.IllegalArgumentException: Variable Name must not be empty for element:JDBC Connection Configuration
	at org.apache.jmeter.protocol.jdbc.config.DataSourceElement.testStarted(DataSourceElement.java:111) ~[ApacheJMeter_jdbc.jar:3.2 r1790748]
	at org.apache.jmeter.engine.StandardJMeterEngine.notifyTestListenersOfStart(StandardJMeterEngine.java:218) ~[ApacheJMeter_core.jar:3.2 r1790748]
	at org.apache.jmeter.engine.StandardJMeterEngine.run(StandardJMeterEngine.java:388) ~[ApacheJMeter_core.jar:3.2 r1790748]
	at java.lang.Thread.run(Thread.java:745) [?:1.8.0_121]
2017-08-29 04:06:04,421 INFO o.a.j.e.StandardJMeterEngine: Running the test!
2017-08-29 04:06:04,422 INFO o.a.j.s.SampleEvent: List of sample_variables: []
2017-08-29 04:06:04,429 ERROR o.a.j.JMeter: Uncaught exception: 
java.lang.IllegalArgumentException: Variable Name must not be empty for element:JDBC Connection Configuration
	at org.apache.jmeter.protocol.jdbc.config.DataSourceElement.testStarted(DataSourceElement.java:111) ~[ApacheJMeter_jdbc.jar:3.2 r1790748]
	at org.apache.jmeter.engine.StandardJMeterEngine.notifyTestListenersOfStart(StandardJMeterEngine.java:218) ~[ApacheJMeter_core.jar:3.2 r1790748]
	at org.apache.jmeter.engine.StandardJMeterEngine.run(StandardJMeterEngine.java:388) ~[ApacheJMeter_core.jar:3.2 r1790748]
	at java.lang.Thread.run(Thread.java:745) [?:1.8.0_121]
2017-08-29 04:06:04,530 INFO o.a.j.e.StandardJMeterEngine: Running the test!
2017-08-29 04:06:04,531 INFO o.a.j.s.SampleEvent: List of sample_variables: []
2017-08-29 04:06:04,535 ERROR o.a.j.JMeter: Uncaught exception: 
java.lang.IllegalArgumentException: Variable Name must not be empty for element:JDBC Connection Configuration
	at org.apache.jmeter.protocol.jdbc.config.DataSourceElement.testStarted(DataSourceElement.java:111) ~[ApacheJMeter_jdbc.jar:3.2 r1790748]
	at org.apache.jmeter.engine.StandardJMeterEngine.notifyTestListenersOfStart(StandardJMeterEngine.java:218) ~[ApacheJMeter_core.jar:3.2 r1790748]
	at org.apache.jmeter.engine.StandardJMeterEngine.run(StandardJMeterEngine.java:388) ~[ApacheJMeter_core.jar:3.2 r1790748]
	at java.lang.Thread.run(Thread.java:745) [?:1.8.0_121]
2017-08-29 04:06:04,915 INFO o.a.j.e.StandardJMeterEngine: Running the test!
2017-08-29 04:06:04,915 INFO o.a.j.s.SampleEvent: List of sample_variables: []
2017-08-29 04:06:04,917 ERROR o.a.j.JMeter: Uncaught exception: 
java.lang.IllegalArgumentException: Variable Name must not be empty for element:JDBC Connection Configuration
	at org.apache.jmeter.protocol.jdbc.config.DataSourceElement.testStarted(DataSourceElement.java:111) ~[ApacheJMeter_jdbc.jar:3.2 r1790748]
	at org.apache.jmeter.engine.StandardJMeterEngine.notifyTestListenersOfStart(StandardJMeterEngine.java:218) ~[ApacheJMeter_core.jar:3.2 r1790748]
	at org.apache.jmeter.engine.StandardJMeterEngine.run(StandardJMeterEngine.java:388) ~[ApacheJMeter_core.jar:3.2 r1790748]
	at java.lang.Thread.run(Thread.java:745) [?:1.8.0_121]
2017-08-29 04:06:05,080 INFO o.a.j.e.StandardJMeterEngine: Running the test!
2017-08-29 04:06:05,081 INFO o.a.j.s.SampleEvent: List of sample_variables: []
2017-08-29 04:06:05,084 ERROR o.a.j.JMeter: Uncaught exception: 
java.lang.IllegalArgumentException: Variable Name must not be empty for element:JDBC Connection Configuration
	at org.apache.jmeter.protocol.jdbc.config.DataSourceElement.testStarted(DataSourceElement.java:111) ~[ApacheJMeter_jdbc.jar:3.2 r1790748]
	at org.apache.jmeter.engine.StandardJMeterEngine.notifyTestListenersOfStart(StandardJMeterEngine.java:218) ~[ApacheJMeter_core.jar:3.2 r1790748]
	at org.apache.jmeter.engine.StandardJMeterEngine.run(StandardJMeterEngine.java:388) ~[ApacheJMeter_core.jar:3.2 r1790748]
	at java.lang.Thread.run(Thread.java:745) [?:1.8.0_121]
2017-08-29 04:07:03,849 INFO o.a.j.e.StandardJMeterEngine: Running the test!
2017-08-29 04:07:03,850 INFO o.a.j.s.SampleEvent: List of sample_variables: []
2017-08-29 04:07:03,852 ERROR o.a.j.JMeter: Uncaught exception: 
java.lang.IllegalArgumentException: Variable Name must not be empty for element:JDBC Connection Configuration
	at org.apache.jmeter.protocol.jdbc.config.DataSourceElement.testStarted(DataSourceElement.java:111) ~[ApacheJMeter_jdbc.jar:3.2 r1790748]
	at org.apache.jmeter.engine.StandardJMeterEngine.notifyTestListenersOfStart(StandardJMeterEngine.java:218) ~[ApacheJMeter_core.jar:3.2 r1790748]
	at org.apache.jmeter.engine.StandardJMeterEngine.run(StandardJMeterEngine.java:388) ~[ApacheJMeter_core.jar:3.2 r1790748]
	at java.lang.Thread.run(Thread.java:745) [?:1.8.0_121]
2017-08-29 04:07:03,924 INFO o.a.j.e.StandardJMeterEngine: Running the test!
2017-08-29 04:07:03,925 INFO o.a.j.s.SampleEvent: List of sample_variables: []
2017-08-29 04:07:03,927 ERROR o.a.j.JMeter: Uncaught exception: 
java.lang.IllegalArgumentException: Variable Name must not be empty for element:JDBC Connection Configuration
	at org.apache.jmeter.protocol.jdbc.config.DataSourceElement.testStarted(DataSourceElement.java:111) ~[ApacheJMeter_jdbc.jar:3.2 r1790748]
	at org.apache.jmeter.engine.StandardJMeterEngine.notifyTestListenersOfStart(StandardJMeterEngine.java:218) ~[ApacheJMeter_core.jar:3.2 r1790748]
	at org.apache.jmeter.engine.StandardJMeterEngine.run(StandardJMeterEngine.java:388) ~[ApacheJMeter_core.jar:3.2 r1790748]
	at java.lang.Thread.run(Thread.java:745) [?:1.8.0_121]
2017-08-29 04:07:04,559 INFO o.a.j.e.StandardJMeterEngine: Running the test!
2017-08-29 04:07:04,560 INFO o.a.j.s.SampleEvent: List of sample_variables: []
2017-08-29 04:07:04,566 ERROR o.a.j.JMeter: Uncaught exception: 
java.lang.IllegalArgumentException: Variable Name must not be empty for element:JDBC Connection Configuration
	at org.apache.jmeter.protocol.jdbc.config.DataSourceElement.testStarted(DataSourceElement.java:111) ~[ApacheJMeter_jdbc.jar:3.2 r1790748]
	at org.apache.jmeter.engine.StandardJMeterEngine.notifyTestListenersOfStart(StandardJMeterEngine.java:218) ~[ApacheJMeter_core.jar:3.2 r1790748]
	at org.apache.jmeter.engine.StandardJMeterEngine.run(StandardJMeterEngine.java:388) ~[ApacheJMeter_core.jar:3.2 r1790748]
	at java.lang.Thread.run(Thread.java:745) [?:1.8.0_121]
2017-08-29 04:07:04,733 INFO o.a.j.e.StandardJMeterEngine: Running the test!
2017-08-29 04:07:04,734 INFO o.a.j.s.SampleEvent: List of sample_variables: []
2017-08-29 04:07:04,736 ERROR o.a.j.JMeter: Uncaught exception: 
java.lang.IllegalArgumentException: Variable Name must not be empty for element:JDBC Connection Configuration
	at org.apache.jmeter.protocol.jdbc.config.DataSourceElement.testStarted(DataSourceElement.java:111) ~[ApacheJMeter_jdbc.jar:3.2 r1790748]
	at org.apache.jmeter.engine.StandardJMeterEngine.notifyTestListenersOfStart(StandardJMeterEngine.java:218) ~[ApacheJMeter_core.jar:3.2 r1790748]
	at org.apache.jmeter.engine.StandardJMeterEngine.run(StandardJMeterEngine.java:388) ~[ApacheJMeter_core.jar:3.2 r1790748]
	at java.lang.Thread.run(Thread.java:745) [?:1.8.0_121]
2017-08-29 04:07:05,777 INFO o.a.j.e.StandardJMeterEngine: Running the test!
2017-08-29 04:07:05,778 INFO o.a.j.s.SampleEvent: List of sample_variables: []
2017-08-29 04:07:05,785 ERROR o.a.j.JMeter: Uncaught exception: 
java.lang.IllegalArgumentException: Variable Name must not be empty for element:JDBC Connection Configuration
	at org.apache.jmeter.protocol.jdbc.config.DataSourceElement.testStarted(DataSourceElement.java:111) ~[ApacheJMeter_jdbc.jar:3.2 r1790748]
	at org.apache.jmeter.engine.StandardJMeterEngine.notifyTestListenersOfStart(StandardJMeterEngine.java:218) ~[ApacheJMeter_core.jar:3.2 r1790748]
	at org.apache.jmeter.engine.StandardJMeterEngine.run(StandardJMeterEngine.java:388) ~[ApacheJMeter_core.jar:3.2 r1790748]
	at java.lang.Thread.run(Thread.java:745) [?:1.8.0_121]
2017-08-29 04:07:06,507 INFO o.a.j.e.StandardJMeterEngine: Running the test!
2017-08-29 04:07:06,508 INFO o.a.j.s.SampleEvent: List of sample_variables: []
2017-08-29 04:07:06,510 ERROR o.a.j.JMeter: Uncaught exception: 
java.lang.IllegalArgumentException: Variable Name must not be empty for element:JDBC Connection Configuration
	at org.apache.jmeter.protocol.jdbc.config.DataSourceElement.testStarted(DataSourceElement.java:111) ~[ApacheJMeter_jdbc.jar:3.2 r1790748]
	at org.apache.jmeter.engine.StandardJMeterEngine.notifyTestListenersOfStart(StandardJMeterEngine.java:218) ~[ApacheJMeter_core.jar:3.2 r1790748]
	at org.apache.jmeter.engine.StandardJMeterEngine.run(StandardJMeterEngine.java:388) ~[ApacheJMeter_core.jar:3.2 r1790748]
	at java.lang.Thread.run(Thread.java:745) [?:1.8.0_121]
2017-08-29 04:07:43,601 INFO o.a.j.e.StandardJMeterEngine: Running the test!
2017-08-29 04:07:43,602 INFO o.a.j.s.SampleEvent: List of sample_variables: []
2017-08-29 04:07:43,602 ERROR o.a.j.JMeter: Uncaught exception: 
java.lang.IllegalArgumentException: Variable Name must not be empty for element:JDBC Connection Configuration
	at org.apache.jmeter.protocol.jdbc.config.DataSourceElement.testStarted(DataSourceElement.java:111) ~[ApacheJMeter_jdbc.jar:3.2 r1790748]
	at org.apache.jmeter.engine.StandardJMeterEngine.notifyTestListenersOfStart(StandardJMeterEngine.java:218) ~[ApacheJMeter_core.jar:3.2 r1790748]
	at org.apache.jmeter.engine.StandardJMeterEngine.run(StandardJMeterEngine.java:388) ~[ApacheJMeter_core.jar:3.2 r1790748]
	at java.lang.Thread.run(Thread.java:745) [?:1.8.0_121]
2017-08-29 04:10:50,960 INFO o.a.j.e.StandardJMeterEngine: Running the test!
2017-08-29 04:10:50,961 INFO o.a.j.s.SampleEvent: List of sample_variables: []
2017-08-29 04:10:50,962 ERROR o.a.j.JMeter: Uncaught exception: 
java.lang.IllegalArgumentException: Variable Name must not be empty for element:JDBC Connection Configuration
	at org.apache.jmeter.protocol.jdbc.config.DataSourceElement.testStarted(DataSourceElement.java:111) ~[ApacheJMeter_jdbc.jar:3.2 r1790748]
	at org.apache.jmeter.engine.StandardJMeterEngine.notifyTestListenersOfStart(StandardJMeterEngine.java:218) ~[ApacheJMeter_core.jar:3.2 r1790748]
	at org.apache.jmeter.engine.StandardJMeterEngine.run(StandardJMeterEngine.java:388) ~[ApacheJMeter_core.jar:3.2 r1790748]
	at java.lang.Thread.run(Thread.java:745) [?:1.8.0_121]
2017-08-29 04:10:51,507 INFO o.a.j.e.StandardJMeterEngine: Running the test!
2017-08-29 04:10:51,507 INFO o.a.j.s.SampleEvent: List of sample_variables: []
2017-08-29 04:10:51,508 ERROR o.a.j.JMeter: Uncaught exception: 
java.lang.IllegalArgumentException: Variable Name must not be empty for element:JDBC Connection Configuration
	at org.apache.jmeter.protocol.jdbc.config.DataSourceElement.testStarted(DataSourceElement.java:111) ~[ApacheJMeter_jdbc.jar:3.2 r1790748]
	at org.apache.jmeter.engine.StandardJMeterEngine.notifyTestListenersOfStart(StandardJMeterEngine.java:218) ~[ApacheJMeter_core.jar:3.2 r1790748]
	at org.apache.jmeter.engine.StandardJMeterEngine.run(StandardJMeterEngine.java:388) ~[ApacheJMeter_core.jar:3.2 r1790748]
	at java.lang.Thread.run(Thread.java:745) [?:1.8.0_121]
2017-08-29 04:10:51,689 INFO o.a.j.e.StandardJMeterEngine: Running the test!
2017-08-29 04:10:51,690 INFO o.a.j.s.SampleEvent: List of sample_variables: []
2017-08-29 04:10:51,691 ERROR o.a.j.JMeter: Uncaught exception: 
java.lang.IllegalArgumentException: Variable Name must not be empty for element:JDBC Connection Configuration
	at org.apache.jmeter.protocol.jdbc.config.DataSourceElement.testStarted(DataSourceElement.java:111) ~[ApacheJMeter_jdbc.jar:3.2 r1790748]
	at org.apache.jmeter.engine.StandardJMeterEngine.notifyTestListenersOfStart(StandardJMeterEngine.java:218) ~[ApacheJMeter_core.jar:3.2 r1790748]
	at org.apache.jmeter.engine.StandardJMeterEngine.run(StandardJMeterEngine.java:388) ~[ApacheJMeter_core.jar:3.2 r1790748]
	at java.lang.Thread.run(Thread.java:745) [?:1.8.0_121]
2017-08-29 04:10:51,841 INFO o.a.j.e.StandardJMeterEngine: Running the test!
2017-08-29 04:10:51,841 INFO o.a.j.s.SampleEvent: List of sample_variables: []
2017-08-29 04:10:51,842 ERROR o.a.j.JMeter: Uncaught exception: 
java.lang.IllegalArgumentException: Variable Name must not be empty for element:JDBC Connection Configuration
	at org.apache.jmeter.protocol.jdbc.config.DataSourceElement.testStarted(DataSourceElement.java:111) ~[ApacheJMeter_jdbc.jar:3.2 r1790748]
	at org.apache.jmeter.engine.StandardJMeterEngine.notifyTestListenersOfStart(StandardJMeterEngine.java:218) ~[ApacheJMeter_core.jar:3.2 r1790748]
	at org.apache.jmeter.engine.StandardJMeterEngine.run(StandardJMeterEngine.java:388) ~[ApacheJMeter_core.jar:3.2 r1790748]
	at java.lang.Thread.run(Thread.java:745) [?:1.8.0_121]
2017-08-29 04:10:52,007 INFO o.a.j.e.StandardJMeterEngine: Running the test!
2017-08-29 04:10:52,007 INFO o.a.j.s.SampleEvent: List of sample_variables: []
2017-08-29 04:10:52,007 ERROR o.a.j.JMeter: Uncaught exception: 
java.lang.IllegalArgumentException: Variable Name must not be empty for element:JDBC Connection Configuration
	at org.apache.jmeter.protocol.jdbc.config.DataSourceElement.testStarted(DataSourceElement.java:111) ~[ApacheJMeter_jdbc.jar:3.2 r1790748]
	at org.apache.jmeter.engine.StandardJMeterEngine.notifyTestListenersOfStart(StandardJMeterEngine.java:218) ~[ApacheJMeter_core.jar:3.2 r1790748]
	at org.apache.jmeter.engine.StandardJMeterEngine.run(StandardJMeterEngine.java:388) ~[ApacheJMeter_core.jar:3.2 r1790748]
	at java.lang.Thread.run(Thread.java:745) [?:1.8.0_121]
2017-08-29 04:10:52,163 INFO o.a.j.e.StandardJMeterEngine: Running the test!
2017-08-29 04:10:52,163 INFO o.a.j.s.SampleEvent: List of sample_variables: []
2017-08-29 04:10:52,164 ERROR o.a.j.JMeter: Uncaught exception: 
java.lang.IllegalArgumentException: Variable Name must not be empty for element:JDBC Connection Configuration
	at org.apache.jmeter.protocol.jdbc.config.DataSourceElement.testStarted(DataSourceElement.java:111) ~[ApacheJMeter_jdbc.jar:3.2 r1790748]
	at org.apache.jmeter.engine.StandardJMeterEngine.notifyTestListenersOfStart(StandardJMeterEngine.java:218) ~[ApacheJMeter_core.jar:3.2 r1790748]
	at org.apache.jmeter.engine.StandardJMeterEngine.run(StandardJMeterEngine.java:388) ~[ApacheJMeter_core.jar:3.2 r1790748]
	at java.lang.Thread.run(Thread.java:745) [?:1.8.0_121]
2017-08-29 04:10:52,339 INFO o.a.j.e.StandardJMeterEngine: Running the test!
2017-08-29 04:10:52,339 INFO o.a.j.s.SampleEvent: List of sample_variables: []
2017-08-29 04:10:52,339 ERROR o.a.j.JMeter: Uncaught exception: 
java.lang.IllegalArgumentException: Variable Name must not be empty for element:JDBC Connection Configuration
	at org.apache.jmeter.protocol.jdbc.config.DataSourceElement.testStarted(DataSourceElement.java:111) ~[ApacheJMeter_jdbc.jar:3.2 r1790748]
	at org.apache.jmeter.engine.StandardJMeterEngine.notifyTestListenersOfStart(StandardJMeterEngine.java:218) ~[ApacheJMeter_core.jar:3.2 r1790748]
	at org.apache.jmeter.engine.StandardJMeterEngine.run(StandardJMeterEngine.java:388) ~[ApacheJMeter_core.jar:3.2 r1790748]
	at java.lang.Thread.run(Thread.java:745) [?:1.8.0_121]
2017-08-29 04:10:52,497 INFO o.a.j.e.StandardJMeterEngine: Running the test!
2017-08-29 04:10:52,497 INFO o.a.j.s.SampleEvent: List of sample_variables: []
2017-08-29 04:10:52,498 ERROR o.a.j.JMeter: Uncaught exception: 
java.lang.IllegalArgumentException: Variable Name must not be empty for element:JDBC Connection Configuration
	at org.apache.jmeter.protocol.jdbc.config.DataSourceElement.testStarted(DataSourceElement.java:111) ~[ApacheJMeter_jdbc.jar:3.2 r1790748]
	at org.apache.jmeter.engine.StandardJMeterEngine.notifyTestListenersOfStart(StandardJMeterEngine.java:218) ~[ApacheJMeter_core.jar:3.2 r1790748]
	at org.apache.jmeter.engine.StandardJMeterEngine.run(StandardJMeterEngine.java:388) ~[ApacheJMeter_core.jar:3.2 r1790748]
	at java.lang.Thread.run(Thread.java:745) [?:1.8.0_121]
2017-08-29 04:10:52,637 INFO o.a.j.e.StandardJMeterEngine: Running the test!
2017-08-29 04:10:52,637 INFO o.a.j.s.SampleEvent: List of sample_variables: []
2017-08-29 04:10:52,637 ERROR o.a.j.JMeter: Uncaught exception: 
java.lang.IllegalArgumentException: Variable Name must not be empty for element:JDBC Connection Configuration
	at org.apache.jmeter.protocol.jdbc.config.DataSourceElement.testStarted(DataSourceElement.java:111) ~[ApacheJMeter_jdbc.jar:3.2 r1790748]
	at org.apache.jmeter.engine.StandardJMeterEngine.notifyTestListenersOfStart(StandardJMeterEngine.java:218) ~[ApacheJMeter_core.jar:3.2 r1790748]
	at org.apache.jmeter.engine.StandardJMeterEngine.run(StandardJMeterEngine.java:388) ~[ApacheJMeter_core.jar:3.2 r1790748]
	at java.lang.Thread.run(Thread.java:745) [?:1.8.0_121]
2017-08-29 04:10:52,799 INFO o.a.j.e.StandardJMeterEngine: Running the test!
2017-08-29 04:10:52,800 INFO o.a.j.s.SampleEvent: List of sample_variables: []
2017-08-29 04:10:52,801 ERROR o.a.j.JMeter: Uncaught exception: 
java.lang.IllegalArgumentException: Variable Name must not be empty for element:JDBC Connection Configuration
	at org.apache.jmeter.protocol.jdbc.config.DataSourceElement.testStarted(DataSourceElement.java:111) ~[ApacheJMeter_jdbc.jar:3.2 r1790748]
	at org.apache.jmeter.engine.StandardJMeterEngine.notifyTestListenersOfStart(StandardJMeterEngine.java:218) ~[ApacheJMeter_core.jar:3.2 r1790748]
	at org.apache.jmeter.engine.StandardJMeterEngine.run(StandardJMeterEngine.java:388) ~[ApacheJMeter_core.jar:3.2 r1790748]
	at java.lang.Thread.run(Thread.java:745) [?:1.8.0_121]
2017-08-29 04:10:52,945 INFO o.a.j.e.StandardJMeterEngine: Running the test!
2017-08-29 04:10:52,946 INFO o.a.j.s.SampleEvent: List of sample_variables: []
2017-08-29 04:10:52,946 ERROR o.a.j.JMeter: Uncaught exception: 
java.lang.IllegalArgumentException: Variable Name must not be empty for element:JDBC Connection Configuration
	at org.apache.jmeter.protocol.jdbc.config.DataSourceElement.testStarted(DataSourceElement.java:111) ~[ApacheJMeter_jdbc.jar:3.2 r1790748]
	at org.apache.jmeter.engine.StandardJMeterEngine.notifyTestListenersOfStart(StandardJMeterEngine.java:218) ~[ApacheJMeter_core.jar:3.2 r1790748]
	at org.apache.jmeter.engine.StandardJMeterEngine.run(StandardJMeterEngine.java:388) ~[ApacheJMeter_core.jar:3.2 r1790748]
	at java.lang.Thread.run(Thread.java:745) [?:1.8.0_121]
2017-08-29 04:10:53,147 INFO o.a.j.e.StandardJMeterEngine: Running the test!
2017-08-29 04:10:53,147 INFO o.a.j.s.SampleEvent: List of sample_variables: []
2017-08-29 04:10:53,148 ERROR o.a.j.JMeter: Uncaught exception: 
java.lang.IllegalArgumentException: Variable Name must not be empty for element:JDBC Connection Configuration
	at org.apache.jmeter.protocol.jdbc.config.DataSourceElement.testStarted(DataSourceElement.java:111) ~[ApacheJMeter_jdbc.jar:3.2 r1790748]
	at org.apache.jmeter.engine.StandardJMeterEngine.notifyTestListenersOfStart(StandardJMeterEngine.java:218) ~[ApacheJMeter_core.jar:3.2 r1790748]
	at org.apache.jmeter.engine.StandardJMeterEngine.run(StandardJMeterEngine.java:388) ~[ApacheJMeter_core.jar:3.2 r1790748]
	at java.lang.Thread.run(Thread.java:745) [?:1.8.0_121]
2017-08-29 04:22:43,202 INFO o.a.j.e.StandardJMeterEngine: Running the test!
2017-08-29 04:22:43,202 INFO o.a.j.s.SampleEvent: List of sample_variables: []
2017-08-29 04:22:43,203 ERROR o.a.j.JMeter: Uncaught exception: 
java.lang.IllegalArgumentException: Variable Name must not be empty for element:JDBC Connection Configuration
	at org.apache.jmeter.protocol.jdbc.config.DataSourceElement.testStarted(DataSourceElement.java:111) ~[ApacheJMeter_jdbc.jar:3.2 r1790748]
	at org.apache.jmeter.engine.StandardJMeterEngine.notifyTestListenersOfStart(StandardJMeterEngine.java:218) ~[ApacheJMeter_core.jar:3.2 r1790748]
	at org.apache.jmeter.engine.StandardJMeterEngine.run(StandardJMeterEngine.java:388) ~[ApacheJMeter_core.jar:3.2 r1790748]
	at java.lang.Thread.run(Thread.java:745) [?:1.8.0_121]
2017-08-29 04:22:44,210 INFO o.a.j.e.StandardJMeterEngine: Running the test!
2017-08-29 04:22:44,210 INFO o.a.j.s.SampleEvent: List of sample_variables: []
2017-08-29 04:22:44,211 ERROR o.a.j.JMeter: Uncaught exception: 
java.lang.IllegalArgumentException: Variable Name must not be empty for element:JDBC Connection Configuration
	at org.apache.jmeter.protocol.jdbc.config.DataSourceElement.testStarted(DataSourceElement.java:111) ~[ApacheJMeter_jdbc.jar:3.2 r1790748]
	at org.apache.jmeter.engine.StandardJMeterEngine.notifyTestListenersOfStart(StandardJMeterEngine.java:218) ~[ApacheJMeter_core.jar:3.2 r1790748]
	at org.apache.jmeter.engine.StandardJMeterEngine.run(StandardJMeterEngine.java:388) ~[ApacheJMeter_core.jar:3.2 r1790748]
	at java.lang.Thread.run(Thread.java:745) [?:1.8.0_121]
2017-08-29 04:22:44,376 INFO o.a.j.e.StandardJMeterEngine: Running the test!
2017-08-29 04:22:44,376 INFO o.a.j.s.SampleEvent: List of sample_variables: []
2017-08-29 04:22:44,377 ERROR o.a.j.JMeter: Uncaught exception: 
java.lang.IllegalArgumentException: Variable Name must not be empty for element:JDBC Connection Configuration
	at org.apache.jmeter.protocol.jdbc.config.DataSourceElement.testStarted(DataSourceElement.java:111) ~[ApacheJMeter_jdbc.jar:3.2 r1790748]
	at org.apache.jmeter.engine.StandardJMeterEngine.notifyTestListenersOfStart(StandardJMeterEngine.java:218) ~[ApacheJMeter_core.jar:3.2 r1790748]
	at org.apache.jmeter.engine.StandardJMeterEngine.run(StandardJMeterEngine.java:388) ~[ApacheJMeter_core.jar:3.2 r1790748]
	at java.lang.Thread.run(Thread.java:745) [?:1.8.0_121]
2017-08-29 04:22:44,539 INFO o.a.j.e.StandardJMeterEngine: Running the test!
2017-08-29 04:22:44,539 INFO o.a.j.s.SampleEvent: List of sample_variables: []
2017-08-29 04:22:44,540 ERROR o.a.j.JMeter: Uncaught exception: 
java.lang.IllegalArgumentException: Variable Name must not be empty for element:JDBC Connection Configuration
	at org.apache.jmeter.protocol.jdbc.config.DataSourceElement.testStarted(DataSourceElement.java:111) ~[ApacheJMeter_jdbc.jar:3.2 r1790748]
	at org.apache.jmeter.engine.StandardJMeterEngine.notifyTestListenersOfStart(StandardJMeterEngine.java:218) ~[ApacheJMeter_core.jar:3.2 r1790748]
	at org.apache.jmeter.engine.StandardJMeterEngine.run(StandardJMeterEngine.java:388) ~[ApacheJMeter_core.jar:3.2 r1790748]
	at java.lang.Thread.run(Thread.java:745) [?:1.8.0_121]
2017-08-29 04:22:58,732 INFO o.a.j.e.StandardJMeterEngine: Running the test!
2017-08-29 04:22:58,732 INFO o.a.j.s.SampleEvent: List of sample_variables: []
2017-08-29 04:22:58,733 ERROR o.a.j.JMeter: Uncaught exception: 
java.lang.IllegalArgumentException: Variable Name must not be empty for element:JDBC Connection Configuration
	at org.apache.jmeter.protocol.jdbc.config.DataSourceElement.testStarted(DataSourceElement.java:111) ~[ApacheJMeter_jdbc.jar:3.2 r1790748]
	at org.apache.jmeter.engine.StandardJMeterEngine.notifyTestListenersOfStart(StandardJMeterEngine.java:218) ~[ApacheJMeter_core.jar:3.2 r1790748]
	at org.apache.jmeter.engine.StandardJMeterEngine.run(StandardJMeterEngine.java:388) ~[ApacheJMeter_core.jar:3.2 r1790748]
	at java.lang.Thread.run(Thread.java:745) [?:1.8.0_121]
2017-08-29 04:24:29,276 INFO o.a.j.e.StandardJMeterEngine: Running the test!
2017-08-29 04:24:29,277 INFO o.a.j.s.SampleEvent: List of sample_variables: []
2017-08-29 04:24:29,277 ERROR o.a.j.JMeter: Uncaught exception: 
java.lang.IllegalArgumentException: Variable Name must not be empty for element:JDBC Connection Configuration
	at org.apache.jmeter.protocol.jdbc.config.DataSourceElement.testStarted(DataSourceElement.java:111) ~[ApacheJMeter_jdbc.jar:3.2 r1790748]
	at org.apache.jmeter.engine.StandardJMeterEngine.notifyTestListenersOfStart(StandardJMeterEngine.java:218) ~[ApacheJMeter_core.jar:3.2 r1790748]
	at org.apache.jmeter.engine.StandardJMeterEngine.run(StandardJMeterEngine.java:388) ~[ApacheJMeter_core.jar:3.2 r1790748]
	at java.lang.Thread.run(Thread.java:745) [?:1.8.0_121]
2017-08-29 04:24:29,628 INFO o.a.j.e.StandardJMeterEngine: Running the test!
2017-08-29 04:24:29,628 INFO o.a.j.s.SampleEvent: List of sample_variables: []
2017-08-29 04:24:29,629 ERROR o.a.j.JMeter: Uncaught exception: 
java.lang.IllegalArgumentException: Variable Name must not be empty for element:JDBC Connection Configuration
	at org.apache.jmeter.protocol.jdbc.config.DataSourceElement.testStarted(DataSourceElement.java:111) ~[ApacheJMeter_jdbc.jar:3.2 r1790748]
	at org.apache.jmeter.engine.StandardJMeterEngine.notifyTestListenersOfStart(StandardJMeterEngine.java:218) ~[ApacheJMeter_core.jar:3.2 r1790748]
	at org.apache.jmeter.engine.StandardJMeterEngine.run(StandardJMeterEngine.java:388) ~[ApacheJMeter_core.jar:3.2 r1790748]
	at java.lang.Thread.run(Thread.java:745) [?:1.8.0_121]
2017-08-29 04:24:29,790 INFO o.a.j.e.StandardJMeterEngine: Running the test!
2017-08-29 04:24:29,791 INFO o.a.j.s.SampleEvent: List of sample_variables: []
2017-08-29 04:24:29,791 ERROR o.a.j.JMeter: Uncaught exception: 
java.lang.IllegalArgumentException: Variable Name must not be empty for element:JDBC Connection Configuration
	at org.apache.jmeter.protocol.jdbc.config.DataSourceElement.testStarted(DataSourceElement.java:111) ~[ApacheJMeter_jdbc.jar:3.2 r1790748]
	at org.apache.jmeter.engine.StandardJMeterEngine.notifyTestListenersOfStart(StandardJMeterEngine.java:218) ~[ApacheJMeter_core.jar:3.2 r1790748]
	at org.apache.jmeter.engine.StandardJMeterEngine.run(StandardJMeterEngine.java:388) ~[ApacheJMeter_core.jar:3.2 r1790748]
	at java.lang.Thread.run(Thread.java:745) [?:1.8.0_121]
2017-08-29 04:24:29,957 INFO o.a.j.e.StandardJMeterEngine: Running the test!
2017-08-29 04:24:29,958 INFO o.a.j.s.SampleEvent: List of sample_variables: []
2017-08-29 04:24:29,958 ERROR o.a.j.JMeter: Uncaught exception: 
java.lang.IllegalArgumentException: Variable Name must not be empty for element:JDBC Connection Configuration
	at org.apache.jmeter.protocol.jdbc.config.DataSourceElement.testStarted(DataSourceElement.java:111) ~[ApacheJMeter_jdbc.jar:3.2 r1790748]
	at org.apache.jmeter.engine.StandardJMeterEngine.notifyTestListenersOfStart(StandardJMeterEngine.java:218) ~[ApacheJMeter_core.jar:3.2 r1790748]
	at org.apache.jmeter.engine.StandardJMeterEngine.run(StandardJMeterEngine.java:388) ~[ApacheJMeter_core.jar:3.2 r1790748]
	at java.lang.Thread.run(Thread.java:745) [?:1.8.0_121]
2017-08-29 04:24:30,062 INFO o.a.j.e.StandardJMeterEngine: Running the test!
2017-08-29 04:24:30,062 INFO o.a.j.s.SampleEvent: List of sample_variables: []
2017-08-29 04:24:30,062 ERROR o.a.j.JMeter: Uncaught exception: 
java.lang.IllegalArgumentException: Variable Name must not be empty for element:JDBC Connection Configuration
	at org.apache.jmeter.protocol.jdbc.config.DataSourceElement.testStarted(DataSourceElement.java:111) ~[ApacheJMeter_jdbc.jar:3.2 r1790748]
	at org.apache.jmeter.engine.StandardJMeterEngine.notifyTestListenersOfStart(StandardJMeterEngine.java:218) ~[ApacheJMeter_core.jar:3.2 r1790748]
	at org.apache.jmeter.engine.StandardJMeterEngine.run(StandardJMeterEngine.java:388) ~[ApacheJMeter_core.jar:3.2 r1790748]
	at java.lang.Thread.run(Thread.java:745) [?:1.8.0_121]
2017-08-29 04:24:30,108 INFO o.a.j.e.StandardJMeterEngine: Running the test!
2017-08-29 04:24:30,108 INFO o.a.j.s.SampleEvent: List of sample_variables: []
2017-08-29 04:24:30,109 ERROR o.a.j.JMeter: Uncaught exception: 
java.lang.IllegalArgumentException: Variable Name must not be empty for element:JDBC Connection Configuration
	at org.apache.jmeter.protocol.jdbc.config.DataSourceElement.testStarted(DataSourceElement.java:111) ~[ApacheJMeter_jdbc.jar:3.2 r1790748]
	at org.apache.jmeter.engine.StandardJMeterEngine.notifyTestListenersOfStart(StandardJMeterEngine.java:218) ~[ApacheJMeter_core.jar:3.2 r1790748]
	at org.apache.jmeter.engine.StandardJMeterEngine.run(StandardJMeterEngine.java:388) ~[ApacheJMeter_core.jar:3.2 r1790748]
	at java.lang.Thread.run(Thread.java:745) [?:1.8.0_121]
2017-08-29 04:24:30,188 INFO o.a.j.e.StandardJMeterEngine: Running the test!
2017-08-29 04:24:30,188 INFO o.a.j.s.SampleEvent: List of sample_variables: []
2017-08-29 04:24:30,189 ERROR o.a.j.JMeter: Uncaught exception: 
java.lang.IllegalArgumentException: Variable Name must not be empty for element:JDBC Connection Configuration
	at org.apache.jmeter.protocol.jdbc.config.DataSourceElement.testStarted(DataSourceElement.java:111) ~[ApacheJMeter_jdbc.jar:3.2 r1790748]
	at org.apache.jmeter.engine.StandardJMeterEngine.notifyTestListenersOfStart(StandardJMeterEngine.java:218) ~[ApacheJMeter_core.jar:3.2 r1790748]
	at org.apache.jmeter.engine.StandardJMeterEngine.run(StandardJMeterEngine.java:388) ~[ApacheJMeter_core.jar:3.2 r1790748]
	at java.lang.Thread.run(Thread.java:745) [?:1.8.0_121]
2017-08-29 04:24:30,271 INFO o.a.j.e.StandardJMeterEngine: Running the test!
2017-08-29 04:24:30,271 INFO o.a.j.s.SampleEvent: List of sample_variables: []
2017-08-29 04:24:30,271 ERROR o.a.j.JMeter: Uncaught exception: 
java.lang.IllegalArgumentException: Variable Name must not be empty for element:JDBC Connection Configuration
	at org.apache.jmeter.protocol.jdbc.config.DataSourceElement.testStarted(DataSourceElement.java:111) ~[ApacheJMeter_jdbc.jar:3.2 r1790748]
	at org.apache.jmeter.engine.StandardJMeterEngine.notifyTestListenersOfStart(StandardJMeterEngine.java:218) ~[ApacheJMeter_core.jar:3.2 r1790748]
	at org.apache.jmeter.engine.StandardJMeterEngine.run(StandardJMeterEngine.java:388) ~[ApacheJMeter_core.jar:3.2 r1790748]
	at java.lang.Thread.run(Thread.java:745) [?:1.8.0_121]
2017-08-29 04:25:22,645 INFO o.a.j.e.StandardJMeterEngine: Running the test!
2017-08-29 04:25:22,646 INFO o.a.j.s.SampleEvent: List of sample_variables: []
2017-08-29 04:25:22,646 ERROR o.a.j.JMeter: Uncaught exception: 
java.lang.IllegalArgumentException: Variable Name must not be empty for element:JDBC Connection Configuration
	at org.apache.jmeter.protocol.jdbc.config.DataSourceElement.testStarted(DataSourceElement.java:111) ~[ApacheJMeter_jdbc.jar:3.2 r1790748]
	at org.apache.jmeter.engine.StandardJMeterEngine.notifyTestListenersOfStart(StandardJMeterEngine.java:218) ~[ApacheJMeter_core.jar:3.2 r1790748]
	at org.apache.jmeter.engine.StandardJMeterEngine.run(StandardJMeterEngine.java:388) ~[ApacheJMeter_core.jar:3.2 r1790748]
	at java.lang.Thread.run(Thread.java:745) [?:1.8.0_121]
2017-08-29 04:25:59,225 INFO o.a.j.e.StandardJMeterEngine: Running the test!
2017-08-29 04:25:59,226 INFO o.a.j.s.SampleEvent: List of sample_variables: []
2017-08-29 04:25:59,242 INFO o.a.j.g.u.JMeterMenuBar: setRunning(true, *local*)
2017-08-29 04:25:59,356 INFO o.a.j.e.StandardJMeterEngine: Starting ThreadGroup: 1 : Thread Group
2017-08-29 04:25:59,357 INFO o.a.j.e.StandardJMeterEngine: Starting 1 threads for group Thread Group.
2017-08-29 04:25:59,357 INFO o.a.j.e.StandardJMeterEngine: Thread will continue on error
2017-08-29 04:25:59,357 INFO o.a.j.t.ThreadGroup: Starting thread group... number=1 threads=1 ramp-up=1 perThread=1000.0 delayedStart=false
2017-08-29 04:25:59,364 INFO o.a.j.t.ThreadGroup: Started thread group number 1
2017-08-29 04:25:59,365 INFO o.a.j.e.StandardJMeterEngine: All thread groups have been started
2017-08-29 04:25:59,365 INFO o.a.j.t.JMeterThread: Thread started: Thread Group 1-1
2017-08-29 04:25:59,741 INFO o.a.j.t.JMeterThread: Thread is done: Thread Group 1-1
2017-08-29 04:25:59,741 INFO o.a.j.t.JMeterThread: Thread finished: Thread Group 1-1
2017-08-29 04:25:59,741 INFO o.a.j.e.StandardJMeterEngine: Notifying test listeners of end of test
2017-08-29 04:25:59,745 INFO o.a.j.g.u.JMeterMenuBar: setRunning(false, *local*)
2017-08-29 04:29:17,037 INFO o.a.j.e.StandardJMeterEngine: Running the test!
2017-08-29 04:29:17,037 INFO o.a.j.s.SampleEvent: List of sample_variables: []
2017-08-29 04:29:17,038 INFO o.a.j.g.u.JMeterMenuBar: setRunning(true, *local*)
2017-08-29 04:29:17,142 INFO o.a.j.e.StandardJMeterEngine: Starting ThreadGroup: 1 : Thread Group
2017-08-29 04:29:17,142 INFO o.a.j.e.StandardJMeterEngine: Starting 1 threads for group Thread Group.
2017-08-29 04:29:17,142 INFO o.a.j.e.StandardJMeterEngine: Thread will continue on error
2017-08-29 04:29:17,142 INFO o.a.j.t.ThreadGroup: Starting thread group... number=1 threads=1 ramp-up=1 perThread=1000.0 delayedStart=false
2017-08-29 04:29:17,142 INFO o.a.j.t.ThreadGroup: Started thread group number 1
2017-08-29 04:29:17,142 INFO o.a.j.e.StandardJMeterEngine: All thread groups have been started
2017-08-29 04:29:17,143 INFO o.a.j.t.JMeterThread: Thread started: Thread Group 1-1
2017-08-29 04:29:17,183 INFO o.a.j.t.JMeterThread: Thread is done: Thread Group 1-1
2017-08-29 04:29:17,183 INFO o.a.j.t.JMeterThread: Thread finished: Thread Group 1-1
2017-08-29 04:29:17,185 INFO o.a.j.e.StandardJMeterEngine: Notifying test listeners of end of test
2017-08-29 04:29:17,190 INFO o.a.j.g.u.JMeterMenuBar: setRunning(false, *local*)
2017-08-29 04:34:42,411 INFO o.a.j.e.StandardJMeterEngine: Running the test!
2017-08-29 04:34:42,412 INFO o.a.j.s.SampleEvent: List of sample_variables: []
2017-08-29 04:34:42,412 INFO o.a.j.g.u.JMeterMenuBar: setRunning(true, *local*)
2017-08-29 04:34:42,522 INFO o.a.j.e.StandardJMeterEngine: Starting ThreadGroup: 1 : Thread Group
2017-08-29 04:34:42,522 INFO o.a.j.e.StandardJMeterEngine: Starting 1 threads for group Thread Group.
2017-08-29 04:34:42,522 INFO o.a.j.e.StandardJMeterEngine: Thread will continue on error
2017-08-29 04:34:42,522 INFO o.a.j.t.ThreadGroup: Starting thread group... number=1 threads=1 ramp-up=1 perThread=1000.0 delayedStart=false
2017-08-29 04:34:42,522 INFO o.a.j.t.ThreadGroup: Started thread group number 1
2017-08-29 04:34:42,522 INFO o.a.j.e.StandardJMeterEngine: All thread groups have been started
2017-08-29 04:34:42,523 INFO o.a.j.t.JMeterThread: Thread started: Thread Group 1-1
2017-08-29 04:34:42,571 INFO o.a.j.t.JMeterThread: Thread is done: Thread Group 1-1
2017-08-29 04:34:42,571 INFO o.a.j.t.JMeterThread: Thread finished: Thread Group 1-1
2017-08-29 04:34:42,571 INFO o.a.j.e.StandardJMeterEngine: Notifying test listeners of end of test
2017-08-29 04:34:42,579 INFO o.a.j.g.u.JMeterMenuBar: setRunning(false, *local*)
2017-08-29 04:34:44,055 INFO o.a.j.e.StandardJMeterEngine: Running the test!
2017-08-29 04:34:44,056 INFO o.a.j.s.SampleEvent: List of sample_variables: []
2017-08-29 04:34:44,056 INFO o.a.j.g.u.JMeterMenuBar: setRunning(true, *local*)
2017-08-29 04:34:44,155 INFO o.a.j.e.StandardJMeterEngine: Starting ThreadGroup: 1 : Thread Group
2017-08-29 04:34:44,155 INFO o.a.j.e.StandardJMeterEngine: Starting 1 threads for group Thread Group.
2017-08-29 04:34:44,156 INFO o.a.j.e.StandardJMeterEngine: Thread will continue on error
2017-08-29 04:34:44,156 INFO o.a.j.t.ThreadGroup: Starting thread group... number=1 threads=1 ramp-up=1 perThread=1000.0 delayedStart=false
2017-08-29 04:34:44,156 INFO o.a.j.t.ThreadGroup: Started thread group number 1
2017-08-29 04:34:44,156 INFO o.a.j.e.StandardJMeterEngine: All thread groups have been started
2017-08-29 04:34:44,156 INFO o.a.j.t.JMeterThread: Thread started: Thread Group 1-1
2017-08-29 04:34:44,186 INFO o.a.j.t.JMeterThread: Thread is done: Thread Group 1-1
2017-08-29 04:34:44,187 INFO o.a.j.t.JMeterThread: Thread finished: Thread Group 1-1
2017-08-29 04:34:44,187 INFO o.a.j.e.StandardJMeterEngine: Notifying test listeners of end of test
2017-08-29 04:34:44,192 INFO o.a.j.g.u.JMeterMenuBar: setRunning(false, *local*)
2017-08-29 04:35:17,914 INFO o.a.j.e.StandardJMeterEngine: Running the test!
2017-08-29 04:35:17,914 INFO o.a.j.s.SampleEvent: List of sample_variables: []
2017-08-29 04:35:17,915 INFO o.a.j.g.u.JMeterMenuBar: setRunning(true, *local*)
2017-08-29 04:35:18,029 INFO o.a.j.e.StandardJMeterEngine: Starting ThreadGroup: 1 : Thread Group
2017-08-29 04:35:18,029 INFO o.a.j.e.StandardJMeterEngine: Starting 1 threads for group Thread Group.
2017-08-29 04:35:18,029 INFO o.a.j.e.StandardJMeterEngine: Thread will continue on error
2017-08-29 04:35:18,030 INFO o.a.j.t.ThreadGroup: Starting thread group... number=1 threads=1 ramp-up=1 perThread=1000.0 delayedStart=false
2017-08-29 04:35:18,030 INFO o.a.j.t.ThreadGroup: Started thread group number 1
2017-08-29 04:35:18,030 INFO o.a.j.e.StandardJMeterEngine: All thread groups have been started
2017-08-29 04:35:18,030 INFO o.a.j.t.JMeterThread: Thread started: Thread Group 1-1
2017-08-29 04:35:18,060 INFO o.a.j.t.JMeterThread: Thread is done: Thread Group 1-1
2017-08-29 04:35:18,060 INFO o.a.j.t.JMeterThread: Thread finished: Thread Group 1-1
2017-08-29 04:35:18,068 INFO o.a.j.e.StandardJMeterEngine: Notifying test listeners of end of test
2017-08-29 04:35:18,075 INFO o.a.j.g.u.JMeterMenuBar: setRunning(false, *local*)
2017-08-29 04:35:53,179 INFO o.a.j.e.StandardJMeterEngine: Running the test!
2017-08-29 04:35:53,179 INFO o.a.j.s.SampleEvent: List of sample_variables: []
2017-08-29 04:35:53,180 INFO o.a.j.g.u.JMeterMenuBar: setRunning(true, *local*)
2017-08-29 04:35:53,276 INFO o.a.j.e.StandardJMeterEngine: Starting ThreadGroup: 1 : Thread Group
2017-08-29 04:35:53,276 INFO o.a.j.e.StandardJMeterEngine: Starting 1 threads for group Thread Group.
2017-08-29 04:35:53,276 INFO o.a.j.e.StandardJMeterEngine: Thread will continue on error
2017-08-29 04:35:53,276 INFO o.a.j.t.ThreadGroup: Starting thread group... number=1 threads=1 ramp-up=1 perThread=1000.0 delayedStart=false
2017-08-29 04:35:53,277 INFO o.a.j.t.ThreadGroup: Started thread group number 1
2017-08-29 04:35:53,277 INFO o.a.j.t.JMeterThread: Thread started: Thread Group 1-1
2017-08-29 04:35:53,278 INFO o.a.j.e.StandardJMeterEngine: All thread groups have been started
2017-08-29 04:35:53,308 INFO o.a.j.t.JMeterThread: Thread is done: Thread Group 1-1
2017-08-29 04:35:53,308 INFO o.a.j.t.JMeterThread: Thread finished: Thread Group 1-1
2017-08-29 04:35:53,308 INFO o.a.j.e.StandardJMeterEngine: Notifying test listeners of end of test
2017-08-29 04:35:53,315 INFO o.a.j.g.u.JMeterMenuBar: setRunning(false, *local*)
